#
# There is insufficient memory for the Java Runtime Environment to continue.
# Native memory allocation (malloc) failed to allocate 2028064 bytes for Chunk::new
# Possible reasons:
#   The system is out of physical RAM or swap space
#   The process is running with CompressedOops enabled, and the Java Heap may be blocking the growth of the native heap
# Possible solutions:
#   Reduce memory load on the system
#   Increase physical memory or swap space
#   Check if swap backing store is full
#   Decrease Java heap size (-Xmx/-Xms)
#   Decrease number of Java threads
#   Decrease Java thread stack sizes (-Xss)
#   Set larger code cache with -XX:ReservedCodeCacheSize=
#   JVM is running with Unscaled Compressed Oops mode in which the Java heap is
#     placed in the first 4GB address space. The Java Heap base address is the
#     maximum limit for the native heap growth. Please use -XX:HeapBaseMinAddress
#     to set the Java Heap base and to place the Java Heap above 4GB virtual address.
# This output file may be truncated or incomplete.
#
#  Out of Memory Error (arena.cpp:189), pid=28476, tid=18288
#
# JRE version: Java(TM) SE Runtime Environment (17.0.8+9) (build 17.0.8+9-LTS-211)
# Java VM: Java HotSpot(TM) 64-Bit Server VM (17.0.8+9-LTS-211, mixed mode, sharing, tiered, compressed oops, compressed class ptrs, g1 gc, windows-amd64)
# No core dump will be written. Minidumps are not enabled by default on client versions of Windows
#

---------------  S U M M A R Y ------------

Command Line: -ea -Dfile.encoding=UTF-8 -Dstdout.encoding=UTF-8 -Dstderr.encoding=UTF-8 -XX:+ShowCodeDetailsInExceptionMessages org.testng.remote.RemoteTestNG -serport 51909 -protocol json -d C:\Users\shruti\eclipse-workspace\automationframework\test-output C:\Users\shruti\AppData\Local\Temp\testng-eclipse-1220450442\testng-customsuite.xml

Host: 12th Gen Intel(R) Core(TM) i5-1235U, 12 cores, 7G,  Windows 11 , 64 bit Build 26100 (10.0.26100.7623)
Time: Mon Mar  9 18:55:13 2026 India Standard Time elapsed time: 29.863270 seconds (0d 0h 0m 29s)

---------------  T H R E A D  ---------------

Current thread (0x0000014ef0317c60):  JavaThread "C2 CompilerThread0" daemon [_thread_in_native, id=18288, stack(0x0000004191600000,0x0000004191700000)]


Current CompileTask:
C2:  29863 1832       4       java.lang.invoke.MethodType::makeImpl (109 bytes)

Stack: [0x0000004191600000,0x0000004191700000]
Native frames: (J=compiled Java code, j=interpreted, Vv=VM code, C=native code)
V  [jvm.dll+0x677d0a]
V  [jvm.dll+0x7d8c54]
V  [jvm.dll+0x7da3fe]
V  [jvm.dll+0x7daa63]
V  [jvm.dll+0x245c5f]
V  [jvm.dll+0xaaa6b]
V  [jvm.dll+0xab00c]
V  [jvm.dll+0x361e8e]
V  [jvm.dll+0x32c551]
V  [jvm.dll+0x32b9ea]
V  [jvm.dll+0x217fff]
V  [jvm.dll+0x217431]
V  [jvm.dll+0x1a3af0]
V  [jvm.dll+0x2270be]
V  [jvm.dll+0x22535b]
V  [jvm.dll+0x78e7bc]
V  [jvm.dll+0x788bba]
V  [jvm.dll+0x676b35]
C  [ucrtbase.dll+0x37b0]
C  [KERNEL32.DLL+0x2e8d7]
C  [ntdll.dll+0x8c53c]


---------------  P R O C E S S  ---------------

Threads class SMR info:
_java_thread_list=0x0000014ef0a62640, length=22, elements={
0x0000014ed22ad960, 0x0000014ef02f2ed0, 0x0000014ef02f5030, 0x0000014ef0306a90,
0x0000014ef0307440, 0x0000014ef03095a0, 0x0000014ef0309f50, 0x0000014ef0317c60,
0x0000014ef0319de0, 0x0000014ef07d6fa0, 0x0000014ef08974e0, 0x0000014ef08ad490,
0x0000014ef53133c0, 0x0000014ef58b6a60, 0x0000014ef0aa7d40, 0x0000014ef09ccd30,
0x0000014ef5886e00, 0x0000014ef58872d0, 0x0000014ef58877a0, 0x0000014ef5887c70,
0x0000014ef55a3e10, 0x0000014ef530f0d0
}

Java Threads: ( => current thread )
  0x0000014ed22ad960 JavaThread "Forwarding newSession on session null to remote" [_thread_blocked, id=35612, stack(0x0000004190900000,0x0000004190a00000)]
  0x0000014ef02f2ed0 JavaThread "Reference Handler" daemon [_thread_blocked, id=23320, stack(0x0000004191000000,0x0000004191100000)]
  0x0000014ef02f5030 JavaThread "Finalizer" daemon [_thread_blocked, id=15692, stack(0x0000004191100000,0x0000004191200000)]
  0x0000014ef0306a90 JavaThread "Signal Dispatcher" daemon [_thread_blocked, id=33096, stack(0x0000004191200000,0x0000004191300000)]
  0x0000014ef0307440 JavaThread "Attach Listener" daemon [_thread_blocked, id=19192, stack(0x0000004191300000,0x0000004191400000)]
  0x0000014ef03095a0 JavaThread "Service Thread" daemon [_thread_blocked, id=26316, stack(0x0000004191400000,0x0000004191500000)]
  0x0000014ef0309f50 JavaThread "Monitor Deflation Thread" daemon [_thread_blocked, id=28844, stack(0x0000004191500000,0x0000004191600000)]
=>0x0000014ef0317c60 JavaThread "C2 CompilerThread0" daemon [_thread_in_native, id=18288, stack(0x0000004191600000,0x0000004191700000)]
  0x0000014ef0319de0 JavaThread "C1 CompilerThread0" daemon [_thread_in_vm, id=10224, stack(0x0000004191700000,0x0000004191800000)]
  0x0000014ef07d6fa0 JavaThread "Sweeper thread" daemon [_thread_blocked, id=26740, stack(0x0000004191800000,0x0000004191900000)]
  0x0000014ef08974e0 JavaThread "Notification Thread" daemon [_thread_blocked, id=35760, stack(0x0000004191900000,0x0000004191a00000)]
  0x0000014ef08ad490 JavaThread "Common-Cleaner" daemon [_thread_blocked, id=31052, stack(0x0000004191b00000,0x0000004191c00000)]
  0x0000014ef53133c0 JavaThread "ReaderThread" [_thread_in_native, id=17636, stack(0x0000004191d00000,0x0000004191e00000)]
  0x0000014ef58b6a60 JavaThread "ForkJoinPool.commonPool-worker-1" daemon [_thread_blocked, id=5812, stack(0x0000004192600000,0x0000004192700000)]
  0x0000014ef0aa7d40 JavaThread "HttpClient-1-SelectorManager" daemon [_thread_in_native, id=20856, stack(0x0000004192800000,0x0000004192900000)]
  0x0000014ef09ccd30 JavaThread "External Process Output Forwarder - C:\Users\shruti\.cache\selenium\chromedriver\win64\145.0.7632.117\chromedriver.exe" daemon [_thread_in_native, id=16240, stack(0x0000004192900000,0x0000004192a00000)]
  0x0000014ef5886e00 JavaThread "Driver Service Executor" daemon [_thread_blocked, id=4772, stack(0x0000004192a00000,0x0000004192b00000)]
  0x0000014ef58872d0 JavaThread "Driver Service Executor" daemon [_thread_in_native, id=33804, stack(0x0000004192b00000,0x0000004192c00000)]
  0x0000014ef58877a0 JavaThread "UrlChecker-2" daemon [_thread_blocked, id=19336, stack(0x0000004192c00000,0x0000004192d00000)]
  0x0000014ef5887c70 JavaThread "Keep-Alive-Timer" daemon [_thread_blocked, id=3000, stack(0x0000004192d00000,0x0000004192e00000)]
  0x0000014ef55a3e10 JavaThread "C2 CompilerThread1" daemon [_thread_blocked, id=35716, stack(0x0000004192e00000,0x0000004192f00000)]
  0x0000014ef530f0d0 JavaThread "pool-1-thread-1" [_thread_in_vm, id=28744, stack(0x0000004192f00000,0x0000004193000000)]

Other Threads:
  0x0000014ef02eeda0 VMThread "VM Thread" [stack: 0x0000004190f00000,0x0000004191000000] [id=5632]
  0x0000014ef089c9d0 WatcherThread [stack: 0x0000004191a00000,0x0000004191b00000] [id=16160]
  0x0000014ed23061a0 GCTaskThread "GC Thread#0" [stack: 0x0000004190a00000,0x0000004190b00000] [id=18668]
  0x0000014ef58585f0 GCTaskThread "GC Thread#1" [stack: 0x0000004191e00000,0x0000004191f00000] [id=35644]
  0x0000014ef57f9660 GCTaskThread "GC Thread#2" [stack: 0x0000004191f00000,0x0000004192000000] [id=8628]
  0x0000014ef57f9910 GCTaskThread "GC Thread#3" [stack: 0x0000004192000000,0x0000004192100000] [id=29176]
  0x0000014ef567c700 GCTaskThread "GC Thread#4" [stack: 0x0000004192100000,0x0000004192200000] [id=33108]
  0x0000014ef5ea2270 GCTaskThread "GC Thread#5" [stack: 0x0000004192200000,0x0000004192300000] [id=5276]
  0x0000014ef55e9580 GCTaskThread "GC Thread#6" [stack: 0x0000004192300000,0x0000004192400000] [id=33924]
  0x0000014ef55e9830 GCTaskThread "GC Thread#7" [stack: 0x0000004192400000,0x0000004192500000] [id=26776]
  0x0000014ef56d1d60 GCTaskThread "GC Thread#8" [stack: 0x0000004192500000,0x0000004192600000] [id=30068]
  0x0000014ed23166a0 ConcurrentGCThread "G1 Main Marker" [stack: 0x0000004190b00000,0x0000004190c00000] [id=10340]
  0x0000014ed23170b0 ConcurrentGCThread "G1 Conc#0" [stack: 0x0000004190c00000,0x0000004190d00000] [id=18960]
  0x0000014ed236d510 ConcurrentGCThread "G1 Refine#0" [stack: 0x0000004190d00000,0x0000004190e00000] [id=35244]
  0x0000014ef0199fc0 ConcurrentGCThread "G1 Service" [stack: 0x0000004190e00000,0x0000004190f00000] [id=24908]

Threads with active compile tasks:
C2 CompilerThread0    29919 1832       4       java.lang.invoke.MethodType::makeImpl (109 bytes)
C2 CompilerThread1    29919 1895       4       java.lang.String::getBytes (44 bytes)

VM state: not at safepoint (normal execution)

VM Mutex/Monitor currently owned by a thread: None

Heap address: 0x0000000085200000, size: 1966 MB, Compressed Oops mode: 32-bit

CDS archive(s) mapped at: [0x0000014e80000000-0x0000014e80bd0000-0x0000014e80bd0000), size 12386304, SharedBaseAddress: 0x0000014e80000000, ArchiveRelocationMode: 1.
Compressed class space mapped at: 0x0000014e81000000-0x0000014ec1000000, reserved size: 1073741824
Narrow klass base: 0x0000014e80000000, Narrow klass shift: 0, Narrow klass range: 0x100000000

GC Precious Log:
 CPUs: 12 total, 12 available
 Memory: 7863M
 Large Page Support: Disabled
 NUMA Support: Disabled
 Compressed Oops: Enabled (32-bit)
 Heap Region Size: 1M
 Heap Min Capacity: 8M
 Heap Initial Capacity: 124M
 Heap Max Capacity: 1966M
 Pre-touch: Disabled
 Parallel Workers: 10
 Concurrent Workers: 3
 Concurrent Refinement Workers: 10
 Periodic GC: Disabled

Heap:
 garbage-first heap   total 126976K, used 20480K [0x0000000085200000, 0x0000000100000000)
  region size 1024K, 18 young (18432K), 3 survivors (3072K)
 Metaspace       used 14631K, committed 14976K, reserved 1114112K
  class space    used 1759K, committed 1920K, reserved 1048576K

Heap Regions: E=young(eden), S=young(survivor), O=old, HS=humongous(starts), HC=humongous(continues), CS=collection set, F=free, OA=open archive, CA=closed archive, TAMS=top-at-mark-start (previous, next)
|   0|0x0000000085200000, 0x0000000085300000, 0x0000000085300000|100%| O|  |TAMS 0x0000000085200000, 0x0000000085200000| Untracked 
|   1|0x0000000085300000, 0x0000000085400000, 0x0000000085400000|100%| O|  |TAMS 0x0000000085300000, 0x0000000085300000| Untracked 
|   2|0x0000000085400000, 0x0000000085500000, 0x0000000085500000|100%| O|  |TAMS 0x0000000085400000, 0x0000000085400000| Untracked 
|   3|0x0000000085500000, 0x0000000085500000, 0x0000000085600000|  0%| F|  |TAMS 0x0000000085500000, 0x0000000085500000| Untracked 
|   4|0x0000000085600000, 0x0000000085600000, 0x0000000085700000|  0%| F|  |TAMS 0x0000000085600000, 0x0000000085600000| Untracked 
|   5|0x0000000085700000, 0x0000000085700000, 0x0000000085800000|  0%| F|  |TAMS 0x0000000085700000, 0x0000000085700000| Untracked 
|   6|0x0000000085800000, 0x0000000085800000, 0x0000000085900000|  0%| F|  |TAMS 0x0000000085800000, 0x0000000085800000| Untracked 
|   7|0x0000000085900000, 0x0000000085900000, 0x0000000085a00000|  0%| F|  |TAMS 0x0000000085900000, 0x0000000085900000| Untracked 
|   8|0x0000000085a00000, 0x0000000085a00000, 0x0000000085b00000|  0%| F|  |TAMS 0x0000000085a00000, 0x0000000085a00000| Untracked 
|   9|0x0000000085b00000, 0x0000000085b00000, 0x0000000085c00000|  0%| F|  |TAMS 0x0000000085b00000, 0x0000000085b00000| Untracked 
|  10|0x0000000085c00000, 0x0000000085c00000, 0x0000000085d00000|  0%| F|  |TAMS 0x0000000085c00000, 0x0000000085c00000| Untracked 
|  11|0x0000000085d00000, 0x0000000085d00000, 0x0000000085e00000|  0%| F|  |TAMS 0x0000000085d00000, 0x0000000085d00000| Untracked 
|  12|0x0000000085e00000, 0x0000000085e00000, 0x0000000085f00000|  0%| F|  |TAMS 0x0000000085e00000, 0x0000000085e00000| Untracked 
|  13|0x0000000085f00000, 0x0000000085f00000, 0x0000000086000000|  0%| F|  |TAMS 0x0000000085f00000, 0x0000000085f00000| Untracked 
|  14|0x0000000086000000, 0x0000000086000000, 0x0000000086100000|  0%| F|  |TAMS 0x0000000086000000, 0x0000000086000000| Untracked 
|  15|0x0000000086100000, 0x0000000086100000, 0x0000000086200000|  0%| F|  |TAMS 0x0000000086100000, 0x0000000086100000| Untracked 
|  16|0x0000000086200000, 0x0000000086200000, 0x0000000086300000|  0%| F|  |TAMS 0x0000000086200000, 0x0000000086200000| Untracked 
|  17|0x0000000086300000, 0x0000000086300000, 0x0000000086400000|  0%| F|  |TAMS 0x0000000086300000, 0x0000000086300000| Untracked 
|  18|0x0000000086400000, 0x0000000086400000, 0x0000000086500000|  0%| F|  |TAMS 0x0000000086400000, 0x0000000086400000| Untracked 
|  19|0x0000000086500000, 0x0000000086500000, 0x0000000086600000|  0%| F|  |TAMS 0x0000000086500000, 0x0000000086500000| Untracked 
|  20|0x0000000086600000, 0x0000000086600000, 0x0000000086700000|  0%| F|  |TAMS 0x0000000086600000, 0x0000000086600000| Untracked 
|  21|0x0000000086700000, 0x0000000086700000, 0x0000000086800000|  0%| F|  |TAMS 0x0000000086700000, 0x0000000086700000| Untracked 
|  22|0x0000000086800000, 0x0000000086800000, 0x0000000086900000|  0%| F|  |TAMS 0x0000000086800000, 0x0000000086800000| Untracked 
|  23|0x0000000086900000, 0x0000000086900000, 0x0000000086a00000|  0%| F|  |TAMS 0x0000000086900000, 0x0000000086900000| Untracked 
|  24|0x0000000086a00000, 0x0000000086a00000, 0x0000000086b00000|  0%| F|  |TAMS 0x0000000086a00000, 0x0000000086a00000| Untracked 
|  25|0x0000000086b00000, 0x0000000086b00000, 0x0000000086c00000|  0%| F|  |TAMS 0x0000000086b00000, 0x0000000086b00000| Untracked 
|  26|0x0000000086c00000, 0x0000000086c00000, 0x0000000086d00000|  0%| F|  |TAMS 0x0000000086c00000, 0x0000000086c00000| Untracked 
|  27|0x0000000086d00000, 0x0000000086d00000, 0x0000000086e00000|  0%| F|  |TAMS 0x0000000086d00000, 0x0000000086d00000| Untracked 
|  28|0x0000000086e00000, 0x0000000086e00000, 0x0000000086f00000|  0%| F|  |TAMS 0x0000000086e00000, 0x0000000086e00000| Untracked 
|  29|0x0000000086f00000, 0x0000000086f00000, 0x0000000087000000|  0%| F|  |TAMS 0x0000000086f00000, 0x0000000086f00000| Untracked 
|  30|0x0000000087000000, 0x0000000087000000, 0x0000000087100000|  0%| F|  |TAMS 0x0000000087000000, 0x0000000087000000| Untracked 
|  31|0x0000000087100000, 0x0000000087100000, 0x0000000087200000|  0%| F|  |TAMS 0x0000000087100000, 0x0000000087100000| Untracked 
|  32|0x0000000087200000, 0x0000000087200000, 0x0000000087300000|  0%| F|  |TAMS 0x0000000087200000, 0x0000000087200000| Untracked 
|  33|0x0000000087300000, 0x0000000087300000, 0x0000000087400000|  0%| F|  |TAMS 0x0000000087300000, 0x0000000087300000| Untracked 
|  34|0x0000000087400000, 0x0000000087400000, 0x0000000087500000|  0%| F|  |TAMS 0x0000000087400000, 0x0000000087400000| Untracked 
|  35|0x0000000087500000, 0x0000000087500000, 0x0000000087600000|  0%| F|  |TAMS 0x0000000087500000, 0x0000000087500000| Untracked 
|  36|0x0000000087600000, 0x0000000087600000, 0x0000000087700000|  0%| F|  |TAMS 0x0000000087600000, 0x0000000087600000| Untracked 
|  37|0x0000000087700000, 0x0000000087700000, 0x0000000087800000|  0%| F|  |TAMS 0x0000000087700000, 0x0000000087700000| Untracked 
|  38|0x0000000087800000, 0x0000000087800000, 0x0000000087900000|  0%| F|  |TAMS 0x0000000087800000, 0x0000000087800000| Untracked 
|  39|0x0000000087900000, 0x0000000087900000, 0x0000000087a00000|  0%| F|  |TAMS 0x0000000087900000, 0x0000000087900000| Untracked 
|  40|0x0000000087a00000, 0x0000000087a00000, 0x0000000087b00000|  0%| F|  |TAMS 0x0000000087a00000, 0x0000000087a00000| Untracked 
|  41|0x0000000087b00000, 0x0000000087b00000, 0x0000000087c00000|  0%| F|  |TAMS 0x0000000087b00000, 0x0000000087b00000| Untracked 
|  42|0x0000000087c00000, 0x0000000087c00000, 0x0000000087d00000|  0%| F|  |TAMS 0x0000000087c00000, 0x0000000087c00000| Untracked 
|  43|0x0000000087d00000, 0x0000000087d00000, 0x0000000087e00000|  0%| F|  |TAMS 0x0000000087d00000, 0x0000000087d00000| Untracked 
|  44|0x0000000087e00000, 0x0000000087e00000, 0x0000000087f00000|  0%| F|  |TAMS 0x0000000087e00000, 0x0000000087e00000| Untracked 
|  45|0x0000000087f00000, 0x0000000087f00000, 0x0000000088000000|  0%| F|  |TAMS 0x0000000087f00000, 0x0000000087f00000| Untracked 
|  46|0x0000000088000000, 0x0000000088000000, 0x0000000088100000|  0%| F|  |TAMS 0x0000000088000000, 0x0000000088000000| Untracked 
|  47|0x0000000088100000, 0x0000000088100000, 0x0000000088200000|  0%| F|  |TAMS 0x0000000088100000, 0x0000000088100000| Untracked 
|  48|0x0000000088200000, 0x0000000088200000, 0x0000000088300000|  0%| F|  |TAMS 0x0000000088200000, 0x0000000088200000| Untracked 
|  49|0x0000000088300000, 0x0000000088300000, 0x0000000088400000|  0%| F|  |TAMS 0x0000000088300000, 0x0000000088300000| Untracked 
|  50|0x0000000088400000, 0x0000000088400000, 0x0000000088500000|  0%| F|  |TAMS 0x0000000088400000, 0x0000000088400000| Untracked 
|  51|0x0000000088500000, 0x0000000088500000, 0x0000000088600000|  0%| F|  |TAMS 0x0000000088500000, 0x0000000088500000| Untracked 
|  52|0x0000000088600000, 0x0000000088600000, 0x0000000088700000|  0%| F|  |TAMS 0x0000000088600000, 0x0000000088600000| Untracked 
|  53|0x0000000088700000, 0x0000000088700000, 0x0000000088800000|  0%| F|  |TAMS 0x0000000088700000, 0x0000000088700000| Untracked 
|  54|0x0000000088800000, 0x0000000088800000, 0x0000000088900000|  0%| F|  |TAMS 0x0000000088800000, 0x0000000088800000| Untracked 
|  55|0x0000000088900000, 0x0000000088900000, 0x0000000088a00000|  0%| F|  |TAMS 0x0000000088900000, 0x0000000088900000| Untracked 
|  56|0x0000000088a00000, 0x0000000088a00000, 0x0000000088b00000|  0%| F|  |TAMS 0x0000000088a00000, 0x0000000088a00000| Untracked 
|  57|0x0000000088b00000, 0x0000000088b00000, 0x0000000088c00000|  0%| F|  |TAMS 0x0000000088b00000, 0x0000000088b00000| Untracked 
|  58|0x0000000088c00000, 0x0000000088c00000, 0x0000000088d00000|  0%| F|  |TAMS 0x0000000088c00000, 0x0000000088c00000| Untracked 
|  59|0x0000000088d00000, 0x0000000088d00000, 0x0000000088e00000|  0%| F|  |TAMS 0x0000000088d00000, 0x0000000088d00000| Untracked 
|  60|0x0000000088e00000, 0x0000000088e00000, 0x0000000088f00000|  0%| F|  |TAMS 0x0000000088e00000, 0x0000000088e00000| Untracked 
|  61|0x0000000088f00000, 0x0000000088f00000, 0x0000000089000000|  0%| F|  |TAMS 0x0000000088f00000, 0x0000000088f00000| Untracked 
|  62|0x0000000089000000, 0x0000000089000000, 0x0000000089100000|  0%| F|  |TAMS 0x0000000089000000, 0x0000000089000000| Untracked 
|  63|0x0000000089100000, 0x0000000089100000, 0x0000000089200000|  0%| F|  |TAMS 0x0000000089100000, 0x0000000089100000| Untracked 
|  64|0x0000000089200000, 0x0000000089200000, 0x0000000089300000|  0%| F|  |TAMS 0x0000000089200000, 0x0000000089200000| Untracked 
|  65|0x0000000089300000, 0x0000000089300000, 0x0000000089400000|  0%| F|  |TAMS 0x0000000089300000, 0x0000000089300000| Untracked 
|  66|0x0000000089400000, 0x0000000089400000, 0x0000000089500000|  0%| F|  |TAMS 0x0000000089400000, 0x0000000089400000| Untracked 
|  67|0x0000000089500000, 0x0000000089500000, 0x0000000089600000|  0%| F|  |TAMS 0x0000000089500000, 0x0000000089500000| Untracked 
|  68|0x0000000089600000, 0x0000000089600000, 0x0000000089700000|  0%| F|  |TAMS 0x0000000089600000, 0x0000000089600000| Untracked 
|  69|0x0000000089700000, 0x0000000089700000, 0x0000000089800000|  0%| F|  |TAMS 0x0000000089700000, 0x0000000089700000| Untracked 
|  70|0x0000000089800000, 0x0000000089800000, 0x0000000089900000|  0%| F|  |TAMS 0x0000000089800000, 0x0000000089800000| Untracked 
|  71|0x0000000089900000, 0x0000000089900000, 0x0000000089a00000|  0%| F|  |TAMS 0x0000000089900000, 0x0000000089900000| Untracked 
|  72|0x0000000089a00000, 0x0000000089a00000, 0x0000000089b00000|  0%| F|  |TAMS 0x0000000089a00000, 0x0000000089a00000| Untracked 
|  73|0x0000000089b00000, 0x0000000089b00000, 0x0000000089c00000|  0%| F|  |TAMS 0x0000000089b00000, 0x0000000089b00000| Untracked 
|  74|0x0000000089c00000, 0x0000000089c00000, 0x0000000089d00000|  0%| F|  |TAMS 0x0000000089c00000, 0x0000000089c00000| Untracked 
|  75|0x0000000089d00000, 0x0000000089d00000, 0x0000000089e00000|  0%| F|  |TAMS 0x0000000089d00000, 0x0000000089d00000| Untracked 
|  76|0x0000000089e00000, 0x0000000089e00000, 0x0000000089f00000|  0%| F|  |TAMS 0x0000000089e00000, 0x0000000089e00000| Untracked 
|  77|0x0000000089f00000, 0x0000000089f00000, 0x000000008a000000|  0%| F|  |TAMS 0x0000000089f00000, 0x0000000089f00000| Untracked 
|  78|0x000000008a000000, 0x000000008a000000, 0x000000008a100000|  0%| F|  |TAMS 0x000000008a000000, 0x000000008a000000| Untracked 
|  79|0x000000008a100000, 0x000000008a100000, 0x000000008a200000|  0%| F|  |TAMS 0x000000008a100000, 0x000000008a100000| Untracked 
|  80|0x000000008a200000, 0x000000008a200000, 0x000000008a300000|  0%| F|  |TAMS 0x000000008a200000, 0x000000008a200000| Untracked 
|  81|0x000000008a300000, 0x000000008a300000, 0x000000008a400000|  0%| F|  |TAMS 0x000000008a300000, 0x000000008a300000| Untracked 
|  82|0x000000008a400000, 0x000000008a400000, 0x000000008a500000|  0%| F|  |TAMS 0x000000008a400000, 0x000000008a400000| Untracked 
|  83|0x000000008a500000, 0x000000008a500000, 0x000000008a600000|  0%| F|  |TAMS 0x000000008a500000, 0x000000008a500000| Untracked 
|  84|0x000000008a600000, 0x000000008a600000, 0x000000008a700000|  0%| F|  |TAMS 0x000000008a600000, 0x000000008a600000| Untracked 
|  85|0x000000008a700000, 0x000000008a700000, 0x000000008a800000|  0%| F|  |TAMS 0x000000008a700000, 0x000000008a700000| Untracked 
|  86|0x000000008a800000, 0x000000008a800000, 0x000000008a900000|  0%| F|  |TAMS 0x000000008a800000, 0x000000008a800000| Untracked 
|  87|0x000000008a900000, 0x000000008a900000, 0x000000008aa00000|  0%| F|  |TAMS 0x000000008a900000, 0x000000008a900000| Untracked 
|  88|0x000000008aa00000, 0x000000008aa00000, 0x000000008ab00000|  0%| F|  |TAMS 0x000000008aa00000, 0x000000008aa00000| Untracked 
|  89|0x000000008ab00000, 0x000000008ab00000, 0x000000008ac00000|  0%| F|  |TAMS 0x000000008ab00000, 0x000000008ab00000| Untracked 
|  90|0x000000008ac00000, 0x000000008ac00000, 0x000000008ad00000|  0%| F|  |TAMS 0x000000008ac00000, 0x000000008ac00000| Untracked 
|  91|0x000000008ad00000, 0x000000008ad00000, 0x000000008ae00000|  0%| F|  |TAMS 0x000000008ad00000, 0x000000008ad00000| Untracked 
|  92|0x000000008ae00000, 0x000000008ae00000, 0x000000008af00000|  0%| F|  |TAMS 0x000000008ae00000, 0x000000008ae00000| Untracked 
|  93|0x000000008af00000, 0x000000008af00000, 0x000000008b000000|  0%| F|  |TAMS 0x000000008af00000, 0x000000008af00000| Untracked 
|  94|0x000000008b000000, 0x000000008b000000, 0x000000008b100000|  0%| F|  |TAMS 0x000000008b000000, 0x000000008b000000| Untracked 
|  95|0x000000008b100000, 0x000000008b100000, 0x000000008b200000|  0%| F|  |TAMS 0x000000008b100000, 0x000000008b100000| Untracked 
|  96|0x000000008b200000, 0x000000008b200000, 0x000000008b300000|  0%| F|  |TAMS 0x000000008b200000, 0x000000008b200000| Untracked 
|  97|0x000000008b300000, 0x000000008b300000, 0x000000008b400000|  0%| F|  |TAMS 0x000000008b300000, 0x000000008b300000| Untracked 
|  98|0x000000008b400000, 0x000000008b500000, 0x000000008b500000|100%| S|CS|TAMS 0x000000008b400000, 0x000000008b400000| Complete 
|  99|0x000000008b500000, 0x000000008b600000, 0x000000008b600000|100%| S|CS|TAMS 0x000000008b500000, 0x000000008b500000| Complete 
| 100|0x000000008b600000, 0x000000008b700000, 0x000000008b700000|100%| S|CS|TAMS 0x000000008b600000, 0x000000008b600000| Complete 
| 101|0x000000008b700000, 0x000000008b700000, 0x000000008b800000|  0%| F|  |TAMS 0x000000008b700000, 0x000000008b700000| Untracked 
| 102|0x000000008b800000, 0x000000008b800000, 0x000000008b900000|  0%| F|  |TAMS 0x000000008b800000, 0x000000008b800000| Untracked 
| 103|0x000000008b900000, 0x000000008b900000, 0x000000008ba00000|  0%| F|  |TAMS 0x000000008b900000, 0x000000008b900000| Untracked 
| 104|0x000000008ba00000, 0x000000008ba00000, 0x000000008bb00000|  0%| F|  |TAMS 0x000000008ba00000, 0x000000008ba00000| Untracked 
| 105|0x000000008bb00000, 0x000000008bb00000, 0x000000008bc00000|  0%| F|  |TAMS 0x000000008bb00000, 0x000000008bb00000| Untracked 
| 106|0x000000008bc00000, 0x000000008bc00000, 0x000000008bd00000|  0%| F|  |TAMS 0x000000008bc00000, 0x000000008bc00000| Untracked 
| 107|0x000000008bd00000, 0x000000008bd00000, 0x000000008be00000|  0%| F|  |TAMS 0x000000008bd00000, 0x000000008bd00000| Untracked 
| 108|0x000000008be00000, 0x000000008be00000, 0x000000008bf00000|  0%| F|  |TAMS 0x000000008be00000, 0x000000008be00000| Untracked 
| 109|0x000000008bf00000, 0x000000008bfd9428, 0x000000008c000000| 84%| E|  |TAMS 0x000000008bf00000, 0x000000008bf00000| Complete 
| 110|0x000000008c000000, 0x000000008c100000, 0x000000008c100000|100%| E|CS|TAMS 0x000000008c000000, 0x000000008c000000| Complete 
| 111|0x000000008c100000, 0x000000008c200000, 0x000000008c200000|100%| E|CS|TAMS 0x000000008c100000, 0x000000008c100000| Complete 
| 112|0x000000008c200000, 0x000000008c300000, 0x000000008c300000|100%| E|CS|TAMS 0x000000008c200000, 0x000000008c200000| Complete 
| 113|0x000000008c300000, 0x000000008c400000, 0x000000008c400000|100%| E|CS|TAMS 0x000000008c300000, 0x000000008c300000| Complete 
| 114|0x000000008c400000, 0x000000008c500000, 0x000000008c500000|100%| E|CS|TAMS 0x000000008c400000, 0x000000008c400000| Complete 
| 115|0x000000008c500000, 0x000000008c600000, 0x000000008c600000|100%| E|CS|TAMS 0x000000008c500000, 0x000000008c500000| Complete 
| 116|0x000000008c600000, 0x000000008c700000, 0x000000008c700000|100%| E|CS|TAMS 0x000000008c600000, 0x000000008c600000| Complete 
| 117|0x000000008c700000, 0x000000008c800000, 0x000000008c800000|100%| E|CS|TAMS 0x000000008c700000, 0x000000008c700000| Complete 
| 118|0x000000008c800000, 0x000000008c900000, 0x000000008c900000|100%| E|CS|TAMS 0x000000008c800000, 0x000000008c800000| Complete 
| 119|0x000000008c900000, 0x000000008ca00000, 0x000000008ca00000|100%| E|CS|TAMS 0x000000008c900000, 0x000000008c900000| Complete 
| 120|0x000000008ca00000, 0x000000008cb00000, 0x000000008cb00000|100%| E|CS|TAMS 0x000000008ca00000, 0x000000008ca00000| Complete 
| 121|0x000000008cb00000, 0x000000008cc00000, 0x000000008cc00000|100%| E|CS|TAMS 0x000000008cb00000, 0x000000008cb00000| Complete 
| 122|0x000000008cc00000, 0x000000008cd00000, 0x000000008cd00000|100%| E|CS|TAMS 0x000000008cc00000, 0x000000008cc00000| Complete 
| 123|0x000000008cd00000, 0x000000008ce00000, 0x000000008ce00000|100%| E|CS|TAMS 0x000000008cd00000, 0x000000008cd00000| Complete 

Card table byte_map: [0x0000014ee9470000,0x0000014ee9850000] _byte_map_base: 0x0000014ee9047000

Marking Bits (Prev, Next): (CMBitMap*) 0x0000014ed23067b0, (CMBitMap*) 0x0000014ed23067f0
 Prev Bits: [0x0000014ee9c30000, 0x0000014eebae8000)
 Next Bits: [0x0000014eebaf0000, 0x0000014eed9a8000)

Polling page: 0x0000014ecff40000

Metaspace:

Usage:
  Non-class:     12.63 MB used.
      Class:      1.73 MB used.
       Both:     14.36 MB used.

Virtual space:
  Non-class space:       64.00 MB reserved,      12.81 MB ( 20%) committed,  1 nodes.
      Class space:        1.00 GB reserved,       1.88 MB ( <1%) committed,  1 nodes.
             Both:        1.06 GB reserved,      14.69 MB (  1%) committed. 

Chunk freelists:
   Non-Class:  2.38 MB
       Class:  14.07 MB
        Both:  16.45 MB

MaxMetaspaceSize: unlimited
CompressedClassSpaceSize: 1.00 GB
Initial GC threshold: 21.00 MB
Current GC threshold: 21.00 MB
CDS: on
MetaspaceReclaimPolicy: balanced
 - commit_granule_bytes: 65536.
 - commit_granule_words: 8192.
 - virtual_space_node_default_size: 8388608.
 - enlarge_chunks_in_place: 1.
 - new_chunks_are_fully_committed: 0.
 - uncommit_free_chunks: 1.
 - use_allocation_guard: 0.
 - handle_deallocations: 1.


Internal statistics:

num_allocs_failed_limit: 0.
num_arena_births: 336.
num_arena_deaths: 0.
num_vsnodes_births: 2.
num_vsnodes_deaths: 0.
num_space_committed: 235.
num_space_uncommitted: 0.
num_chunks_returned_to_freelist: 0.
num_chunks_taken_from_freelist: 695.
num_chunk_merges: 0.
num_chunk_splits: 418.
num_chunks_enlarged: 270.
num_purges: 0.
num_inconsistent_stats: 0.

CodeHeap 'non-profiled nmethods': size=120000Kb used=680Kb max_used=680Kb free=119319Kb
 bounds [0x0000014ee1610000, 0x0000014ee1880000, 0x0000014ee8b40000]
CodeHeap 'profiled nmethods': size=120000Kb used=3621Kb max_used=3621Kb free=116378Kb
 bounds [0x0000014ed9b40000, 0x0000014ed9ed0000, 0x0000014ee1070000]
CodeHeap 'non-nmethods': size=5760Kb used=1235Kb max_used=1252Kb free=4524Kb
 bounds [0x0000014ee1070000, 0x0000014ee12e0000, 0x0000014ee1610000]
 total_blobs=2440 nmethods=1901 adapters=451
 compilation: enabled
              stopped_count=0, restarted_count=0
 full_count=0

Compilation events (20 events):
Event: 28.811 Thread 0x0000014ef0319de0 nmethod 1865 0x0000014ed9eb4790 code [0x0000014ed9eb4940, 0x0000014ed9eb4b98]
Event: 28.812 Thread 0x0000014ef0319de0 1866       3       java.util.stream.ReferencePipeline$3$1::accept (23 bytes)
Event: 28.812 Thread 0x0000014ef0319de0 nmethod 1866 0x0000014ed9eb4c90 code [0x0000014ed9eb4e40, 0x0000014ed9eb50f8]
Event: 28.812 Thread 0x0000014ef0319de0 1867       3       org.openqa.selenium.json.JsonInput::peek (267 bytes)
Event: 28.816 Thread 0x0000014ef0319de0 nmethod 1867 0x0000014ed9eb5210 code [0x0000014ed9eb5540, 0x0000014ed9eb66d8]
Event: 28.816 Thread 0x0000014ef0319de0 1868       3       java.util.ArrayDeque::peekFirst (12 bytes)
Event: 28.816 Thread 0x0000014ef0319de0 nmethod 1868 0x0000014ed9eb6c90 code [0x0000014ed9eb6e20, 0x0000014ed9eb6fb8]
Event: 28.821 Thread 0x0000014ef0319de0 1869       3       java.nio.ByteBuffer::arrayOffset (35 bytes)
Event: 28.821 Thread 0x0000014ef0319de0 nmethod 1869 0x0000014ed9eb7110 code [0x0000014ed9eb72e0, 0x0000014ed9eb75b8]
Event: 28.821 Thread 0x0000014ef0319de0 1870       3       java.util.Collections$UnmodifiableMap::get (11 bytes)
Event: 28.822 Thread 0x0000014ef0319de0 nmethod 1870 0x0000014ed9eb7710 code [0x0000014ed9eb78c0, 0x0000014ed9eb7a88]
Event: 28.823 Thread 0x0000014ef0319de0 1871       3       java.nio.ByteBuffer::position (6 bytes)
Event: 28.823 Thread 0x0000014ef0319de0 nmethod 1871 0x0000014ed9eb7b90 code [0x0000014ed9eb7d40, 0x0000014ed9eb7f08]
Event: 28.823 Thread 0x0000014ef0319de0 1872       3       org.openqa.selenium.json.JsonOutput$$Lambda$391/0x0000014e811da9f0::accept (9 bytes)
Event: 28.824 Thread 0x0000014ef0319de0 nmethod 1872 0x0000014ed9eb7f90 code [0x0000014ed9eb8120, 0x0000014ed9eb8268]
Event: 28.824 Thread 0x0000014ef0319de0 1873       3       org.openqa.selenium.json.JsonOutput::lambda$asString$34 (37 bytes)
Event: 28.825 Thread 0x0000014ef0319de0 nmethod 1873 0x0000014ed9eb8310 code [0x0000014ed9eb8540, 0x0000014ed9eb8ca8]
Event: 28.825 Thread 0x0000014ef0319de0 1874       3       java.nio.CharBuffer::arrayOffset (35 bytes)
Event: 28.826 Thread 0x0000014ef0319de0 nmethod 1874 0x0000014ed9eb8f90 code [0x0000014ed9eb9160, 0x0000014ed9eb9438]
Event: 29.855 Thread 0x0000014ef0319de0 1875       3       java.lang.invoke.MethodHandles$Lookup::resolveOrFail (48 bytes)

GC Heap History (2 events):
Event: 4.931 GC heap before
{Heap before GC invocations=0 (full 0):
 garbage-first heap   total 126976K, used 22528K [0x0000000085200000, 0x0000000100000000)
  region size 1024K, 23 young (23552K), 0 survivors (0K)
 Metaspace       used 8041K, committed 8320K, reserved 1114112K
  class space    used 957K, committed 1088K, reserved 1048576K
}
Event: 4.944 GC heap after
{Heap after GC invocations=1 (full 0):
 garbage-first heap   total 126976K, used 6144K [0x0000000085200000, 0x0000000100000000)
  region size 1024K, 3 young (3072K), 3 survivors (3072K)
 Metaspace       used 8041K, committed 8320K, reserved 1114112K
  class space    used 957K, committed 1088K, reserved 1048576K
}

Deoptimization events (20 events):
Event: 25.526 Thread 0x0000014ed22ad960 Uncommon trap: trap_request=0xffffffc6 fr.pc=0x0000014ee169de98 relative=0x0000000000000978
Event: 25.526 Thread 0x0000014ed22ad960 Uncommon trap: reason=bimorphic_or_optimized_type_check action=maybe_recompile pc=0x0000014ee169de98 method=java.util.HashMap.putVal(ILjava/lang/Object;Ljava/lang/Object;ZZ)Ljava/lang/Object; @ 203 c2
Event: 25.526 Thread 0x0000014ed22ad960 DEOPT PACKING pc=0x0000014ee169de98 sp=0x00000041909fb600
Event: 25.526 Thread 0x0000014ed22ad960 DEOPT UNPACKING pc=0x0000014ee10c23a3 sp=0x00000041909fb590 mode 2
Event: 25.529 Thread 0x0000014ed22ad960 Uncommon trap: trap_request=0xffffffc6 fr.pc=0x0000014ee169de98 relative=0x0000000000000978
Event: 25.529 Thread 0x0000014ed22ad960 Uncommon trap: reason=bimorphic_or_optimized_type_check action=maybe_recompile pc=0x0000014ee169de98 method=java.util.HashMap.putVal(ILjava/lang/Object;Ljava/lang/Object;ZZ)Ljava/lang/Object; @ 203 c2
Event: 25.529 Thread 0x0000014ed22ad960 DEOPT PACKING pc=0x0000014ee169de98 sp=0x00000041909fb600
Event: 25.529 Thread 0x0000014ed22ad960 DEOPT UNPACKING pc=0x0000014ee10c23a3 sp=0x00000041909fb590 mode 2
Event: 25.530 Thread 0x0000014ed22ad960 Uncommon trap: trap_request=0xffffffc6 fr.pc=0x0000014ee169de98 relative=0x0000000000000978
Event: 25.530 Thread 0x0000014ed22ad960 Uncommon trap: reason=bimorphic_or_optimized_type_check action=maybe_recompile pc=0x0000014ee169de98 method=java.util.HashMap.putVal(ILjava/lang/Object;Ljava/lang/Object;ZZ)Ljava/lang/Object; @ 203 c2
Event: 25.530 Thread 0x0000014ed22ad960 DEOPT PACKING pc=0x0000014ee169de98 sp=0x00000041909fb600
Event: 25.530 Thread 0x0000014ed22ad960 DEOPT UNPACKING pc=0x0000014ee10c23a3 sp=0x00000041909fb590 mode 2
Event: 25.535 Thread 0x0000014ed22ad960 Uncommon trap: trap_request=0xffffffc6 fr.pc=0x0000014ee169de98 relative=0x0000000000000978
Event: 25.535 Thread 0x0000014ed22ad960 Uncommon trap: reason=bimorphic_or_optimized_type_check action=maybe_recompile pc=0x0000014ee169de98 method=java.util.HashMap.putVal(ILjava/lang/Object;Ljava/lang/Object;ZZ)Ljava/lang/Object; @ 203 c2
Event: 25.535 Thread 0x0000014ed22ad960 DEOPT PACKING pc=0x0000014ee169de98 sp=0x00000041909fb600
Event: 25.535 Thread 0x0000014ed22ad960 DEOPT UNPACKING pc=0x0000014ee10c23a3 sp=0x00000041909fb590 mode 2
Event: 26.031 Thread 0x0000014ed22ad960 DEOPT PACKING pc=0x0000014ed9e35dbe sp=0x00000041909fb430
Event: 26.031 Thread 0x0000014ed22ad960 DEOPT UNPACKING pc=0x0000014ee10c2b43 sp=0x00000041909fa8b0 mode 0
Event: 26.036 Thread 0x0000014ed22ad960 DEOPT PACKING pc=0x0000014ed9e35dbe sp=0x00000041909fb430
Event: 26.036 Thread 0x0000014ed22ad960 DEOPT UNPACKING pc=0x0000014ee10c2b43 sp=0x00000041909fa8b0 mode 0

Classes unloaded (0 events):
No events

Classes redefined (0 events):
No events

Internal exceptions (20 events):
Event: 25.352 Thread 0x0000014ed22ad960 Exception <a 'java/lang/NoSuchMethodError'{0x000000008c930a78}: 'java.lang.Object java.lang.invoke.DirectMethodHandle$Holder.invokeStatic(java.lang.Object, java.lang.Object, int)'> (0x000000008c930a78) 
thrown [s\open\src\hotspot\share\interpreter\linkResolver.cpp, line 759]
Event: 25.357 Thread 0x0000014ed22ad960 Exception <a 'java/lang/NoSuchMethodError'{0x000000008c934368}: 'java.lang.Object java.lang.invoke.DirectMethodHandle$Holder.invokeStaticInit(java.lang.Object, java.lang.Object, int)'> (0x000000008c934368) 
thrown [s\open\src\hotspot\share\interpreter\linkResolver.cpp, line 759]
Event: 25.360 Thread 0x0000014ed22ad960 Exception <a 'java/lang/NoSuchMethodError'{0x000000008c93a520}: 'java.lang.Object java.lang.invoke.DirectMethodHandle$Holder.newInvokeSpecial(java.lang.Object, java.lang.Object, int)'> (0x000000008c93a520) 
thrown [s\open\src\hotspot\share\interpreter\linkResolver.cpp, line 759]
Event: 25.386 Thread 0x0000014ed22ad960 Exception <a 'java/lang/NoSuchMethodError'{0x000000008c955620}: 'int java.lang.invoke.DirectMethodHandle$Holder.invokeSpecialIFC(java.lang.Object, java.lang.Object, java.lang.Object)'> (0x000000008c955620) 
thrown [s\open\src\hotspot\share\interpreter\linkResolver.cpp, line 759]
Event: 25.652 Thread 0x0000014ed22ad960 Exception <a 'sun/nio/fs/WindowsException'{0x000000008c85a3c8}> (0x000000008c85a3c8) 
thrown [s\open\src\hotspot\share\prims\jni.cpp, line 516]
Event: 25.686 Thread 0x0000014ed22ad960 Exception <a 'java/lang/NoSuchMethodError'{0x000000008c87d260}: 'int java.lang.invoke.DirectMethodHandle$Holder.invokeStaticInit(java.lang.Object, java.lang.Object, java.lang.Object, java.lang.Object)'> (0x000000008c87d260) 
thrown [s\open\src\hotspot\share\interpreter\linkResolver.cpp, line 759]
Event: 27.461 Thread 0x0000014ed22ad960 Exception <a 'java/lang/NoSuchMethodError'{0x000000008c2069c8}: 'java.lang.Object java.lang.invoke.DirectMethodHandle$Holder.invokeInterface(java.lang.Object, java.lang.Object, java.lang.Object)'> (0x000000008c2069c8) 
thrown [s\open\src\hotspot\share\interpreter\linkResolver.cpp, line 759]
Event: 27.462 Thread 0x0000014ed22ad960 Exception <a 'java/lang/IncompatibleClassChangeError'{0x000000008c20a090}: Found class java.lang.Object, but interface was expected> (0x000000008c20a090) 
thrown [s\open\src\hotspot\share\interpreter\linkResolver.cpp, line 826]
Event: 27.466 Thread 0x0000014ed22ad960 Exception <a 'java/lang/NoSuchMethodError'{0x000000008c212538}: 'int java.lang.invoke.DirectMethodHandle$Holder.invokeSpecialIFC(java.lang.Object, java.lang.Object, java.lang.Object, java.lang.Object)'> (0x000000008c212538) 
thrown [s\open\src\hotspot\share\interpreter\linkResolver.cpp, line 759]
Event: 27.662 Thread 0x0000014ed22ad960 Exception <a 'java/lang/NoSuchMethodError'{0x000000008c238068}: 'java.lang.Object java.lang.invoke.DirectMethodHandle$Holder.invokeVirtual(java.lang.Object, java.lang.Object, java.lang.Object, java.lang.Object)'> (0x000000008c238068) 
thrown [s\open\src\hotspot\share\interpreter\linkResolver.cpp, line 759]
Event: 28.219 Thread 0x0000014ef58877a0 Exception <a 'java/net/ConnectException'{0x000000008c2e15f0}: Connection refused: no further information> (0x000000008c2e15f0) 
thrown [s\open\src\hotspot\share\prims\jni.cpp, line 535]
Event: 28.219 Thread 0x0000014ef58877a0 Exception <a 'java/net/SocketException'{0x000000008c2e1928}: Socket is not connected: shutdown> (0x000000008c2e1928) 
thrown [s\open\src\hotspot\share\prims\jni.cpp, line 535]
Event: 28.252 Thread 0x0000014ef58877a0 Exception <a 'java/net/ConnectException'{0x000000008c2e2920}: Connection refused: no further information> (0x000000008c2e2920) 
thrown [s\open\src\hotspot\share\prims\jni.cpp, line 535]
Event: 28.252 Thread 0x0000014ef58877a0 Exception <a 'java/net/SocketException'{0x000000008c2e2c58}: Socket is not connected: shutdown> (0x000000008c2e2c58) 
thrown [s\open\src\hotspot\share\prims\jni.cpp, line 535]
Event: 28.278 Thread 0x0000014ef58877a0 Exception <a 'java/net/ConnectException'{0x000000008c2e3b80}: Connection refused: no further information> (0x000000008c2e3b80) 
thrown [s\open\src\hotspot\share\prims\jni.cpp, line 535]
Event: 28.279 Thread 0x0000014ef58877a0 Exception <a 'java/net/SocketException'{0x000000008c2e3eb8}: Socket is not connected: shutdown> (0x000000008c2e3eb8) 
thrown [s\open\src\hotspot\share\prims\jni.cpp, line 535]
Event: 28.322 Thread 0x0000014ef58877a0 Exception <a 'java/net/ConnectException'{0x000000008c2e4de0}: Connection refused: no further information> (0x000000008c2e4de0) 
thrown [s\open\src\hotspot\share\prims\jni.cpp, line 535]
Event: 28.322 Thread 0x0000014ef58877a0 Exception <a 'java/net/SocketException'{0x000000008c2e5118}: Socket is not connected: shutdown> (0x000000008c2e5118) 
thrown [s\open\src\hotspot\share\prims\jni.cpp, line 535]
Event: 28.616 Thread 0x0000014ed22ad960 Exception <a 'java/lang/NoSuchMethodError'{0x000000008c1b8090}: 'java.lang.Object java.lang.invoke.DirectMethodHandle$Holder.newInvokeSpecial(java.lang.Object, java.lang.Object, int, int)'> (0x000000008c1b8090) 
thrown [s\open\src\hotspot\share\interpreter\linkResolver.cpp, line 759]
Event: 28.630 Thread 0x0000014ed22ad960 Exception <a 'java/lang/NoSuchMethodError'{0x000000008c1c2e20}: 'void java.lang.invoke.DirectMethodHandle$Holder.invokeStatic(java.lang.Object, java.lang.Object, int)'> (0x000000008c1c2e20) 
thrown [s\open\src\hotspot\share\interpreter\linkResolver.cpp, line 759]

VM Operations (20 events):
Event: 25.897 Executing VM operation: HandshakeAllThreads
Event: 25.897 Executing VM operation: HandshakeAllThreads done
Event: 26.179 Executing VM operation: HandshakeAllThreads
Event: 26.179 Executing VM operation: HandshakeAllThreads done
Event: 26.445 Executing VM operation: HandshakeAllThreads
Event: 26.445 Executing VM operation: HandshakeAllThreads done
Event: 26.445 Executing VM operation: Cleanup
Event: 26.445 Executing VM operation: Cleanup done
Event: 27.459 Executing VM operation: Cleanup
Event: 27.460 Executing VM operation: Cleanup done
Event: 28.451 Executing VM operation: HandshakeAllThreads
Event: 28.451 Executing VM operation: HandshakeAllThreads done
Event: 28.456 Executing VM operation: HandshakeAllThreads
Event: 28.456 Executing VM operation: HandshakeAllThreads done
Event: 28.815 Executing VM operation: HandshakeAllThreads
Event: 28.815 Executing VM operation: HandshakeAllThreads done
Event: 28.815 Executing VM operation: Cleanup
Event: 28.815 Executing VM operation: Cleanup done
Event: 29.823 Executing VM operation: Cleanup
Event: 29.823 Executing VM operation: Cleanup done

Events (20 events):
Event: 28.604 loading class java/io/ObjectInput done
Event: 28.604 loading class java/io/ObjectStreamConstants
Event: 28.604 loading class java/io/ObjectStreamConstants done
Event: 28.604 loading class java/io/ObjectInputStream done
Event: 28.634 loading class java/util/function/UnaryOperator
Event: 28.634 loading class java/util/function/UnaryOperator done
Event: 28.635 loading class java/io/ObjectOutputStream
Event: 28.635 loading class java/io/ObjectOutput
Event: 28.635 loading class java/io/ObjectOutput done
Event: 28.636 loading class java/io/ObjectOutputStream done
Event: 28.725 loading class java/util/stream/ReferencePipeline$15
Event: 28.725 loading class java/util/stream/ReferencePipeline$15 done
Event: 28.737 loading class java/util/stream/ReferencePipeline$15$1
Event: 28.738 loading class java/util/stream/ReferencePipeline$15$1 done
Event: 28.751 loading class java/util/HashMap$EntrySpliterator
Event: 28.752 loading class java/util/HashMap$EntrySpliterator done
Event: 28.778 loading class java/util/Comparators$NaturalOrderComparator
Event: 28.779 loading class java/util/Comparators$NaturalOrderComparator done
Event: 28.779 loading class java/util/stream/SortedOps$RefSortingSink
Event: 28.780 loading class java/util/stream/SortedOps$RefSortingSink done


Dynamic libraries:
0x00007ff6b0290000 - 0x00007ff6b02a0000 	C:\Program Files\Java\jdk-17\bin\javaw.exe
0x00007fff7fe00000 - 0x00007fff80067000 	C:\WINDOWS\SYSTEM32\ntdll.dll
0x00007fff7ed80000 - 0x00007fff7ee49000 	C:\WINDOWS\System32\KERNEL32.DLL
0x00007fff7d5e0000 - 0x00007fff7d9cf000 	C:\WINDOWS\System32\KERNELBASE.dll
0x00007fff7d260000 - 0x00007fff7d3ab000 	C:\WINDOWS\System32\ucrtbase.dll
0x00007fff6aa40000 - 0x00007fff6aa5b000 	C:\Program Files\Java\jdk-17\bin\VCRUNTIME140.dll
0x00007fff6aa10000 - 0x00007fff6aa29000 	C:\Program Files\Java\jdk-17\bin\jli.dll
0x00007fff7f860000 - 0x00007fff7f914000 	C:\WINDOWS\System32\ADVAPI32.dll
0x00007fff7f5d0000 - 0x00007fff7f679000 	C:\WINDOWS\System32\msvcrt.dll
0x00007fff7f690000 - 0x00007fff7f736000 	C:\WINDOWS\System32\sechost.dll
0x00007fff7f740000 - 0x00007fff7f858000 	C:\WINDOWS\System32\RPCRT4.dll
0x00007fff7e6d0000 - 0x00007fff7e895000 	C:\WINDOWS\System32\USER32.dll
0x00007fff7d0c0000 - 0x00007fff7d0e7000 	C:\WINDOWS\System32\win32u.dll
0x00007fff63e20000 - 0x00007fff640b3000 	C:\WINDOWS\WinSxS\amd64_microsoft.windows.common-controls_6595b64144ccf1df_6.0.26100.7309_none_3e05feeae336a044\COMCTL32.dll
0x00007fff7e9a0000 - 0x00007fff7e9cb000 	C:\WINDOWS\System32\GDI32.dll
0x00007fff7d9e0000 - 0x00007fff7db0c000 	C:\WINDOWS\System32\gdi32full.dll
0x00007fff7d3b0000 - 0x00007fff7d453000 	C:\WINDOWS\System32\msvcp_win.dll
0x00007fff79780000 - 0x00007fff7978b000 	C:\WINDOWS\SYSTEM32\VERSION.dll
0x00007fff7ee50000 - 0x00007fff7ee81000 	C:\WINDOWS\System32\IMM32.DLL
0x00007fff6b280000 - 0x00007fff6b28c000 	C:\Program Files\Java\jdk-17\bin\vcruntime140_1.dll
0x00007fff5b090000 - 0x00007fff5b11e000 	C:\Program Files\Java\jdk-17\bin\msvcp140.dll
0x00007ffeca5a0000 - 0x00007ffecb17e000 	C:\Program Files\Java\jdk-17\bin\server\jvm.dll
0x00007fff7ef50000 - 0x00007fff7ef58000 	C:\WINDOWS\System32\PSAPI.DLL
0x00007fff59a80000 - 0x00007fff59a8a000 	C:\WINDOWS\SYSTEM32\WSOCK32.dll
0x00007fff72ea0000 - 0x00007fff72ed5000 	C:\WINDOWS\SYSTEM32\WINMM.dll
0x00007fff7fd40000 - 0x00007fff7fdb4000 	C:\WINDOWS\System32\WS2_32.dll
0x00007fff7bce0000 - 0x00007fff7bcfb000 	C:\WINDOWS\SYSTEM32\kernel.appcore.dll
0x00007fff6af00000 - 0x00007fff6af0a000 	C:\Program Files\Java\jdk-17\bin\jimage.dll
0x00007fff7a770000 - 0x00007fff7a9b2000 	C:\WINDOWS\SYSTEM32\DBGHELP.DLL
0x00007fff7f9b0000 - 0x00007fff7fd36000 	C:\WINDOWS\System32\combase.dll
0x00007fff7f3f0000 - 0x00007fff7f4c6000 	C:\WINDOWS\System32\OLEAUT32.dll
0x00007fff63900000 - 0x00007fff6393c000 	C:\WINDOWS\SYSTEM32\dbgcore.DLL
0x00007fff7cf50000 - 0x00007fff7cff5000 	C:\WINDOWS\System32\bcryptPrimitives.dll
0x00007fff6a110000 - 0x00007fff6a135000 	C:\Program Files\Java\jdk-17\bin\java.dll
0x00007fff5af00000 - 0x00007fff5afd7000 	C:\Program Files\Java\jdk-17\bin\jsvml.dll
0x00007fff7dc60000 - 0x00007fff7e3b3000 	C:\WINDOWS\System32\SHELL32.dll
0x00007fff7d0f0000 - 0x00007fff7d25a000 	C:\WINDOWS\System32\wintypes.dll
0x00007fff7aaf0000 - 0x00007fff7b34e000 	C:\WINDOWS\SYSTEM32\windows.storage.dll
0x00007fff7e8a0000 - 0x00007fff7e995000 	C:\WINDOWS\System32\SHCORE.dll
0x00007fff7e3c0000 - 0x00007fff7e426000 	C:\WINDOWS\System32\shlwapi.dll
0x00007fff7ce70000 - 0x00007fff7ce99000 	C:\WINDOWS\SYSTEM32\profapi.dll
0x00007fff6a3c0000 - 0x00007fff6a3d9000 	C:\Program Files\Java\jdk-17\bin\net.dll
0x00007fff6be60000 - 0x00007fff6bf88000 	C:\WINDOWS\SYSTEM32\WINHTTP.dll
0x00007fff7c270000 - 0x00007fff7c2db000 	C:\WINDOWS\system32\mswsock.dll
0x00007fff63640000 - 0x00007fff63656000 	C:\Program Files\Java\jdk-17\bin\nio.dll
0x00007fff635c0000 - 0x00007fff635d8000 	C:\Program Files\Java\jdk-17\bin\zip.dll
0x00007fff6a350000 - 0x00007fff6a360000 	C:\Program Files\Java\jdk-17\bin\verify.dll
0x00007fff7b700000 - 0x00007fff7b82c000 	C:\WINDOWS\SYSTEM32\DNSAPI.dll
0x00007fff7b6b0000 - 0x00007fff7b6e4000 	C:\WINDOWS\SYSTEM32\IPHLPAPI.DLL
0x00007fff7ebb0000 - 0x00007fff7ebba000 	C:\WINDOWS\System32\NSI.dll
0x00007fff6d2b0000 - 0x00007fff6d2bb000 	C:\Windows\System32\rasadhlp.dll
0x00007fff6ae00000 - 0x00007fff6ae86000 	C:\WINDOWS\System32\fwpuclnt.dll
0x00007fff7c530000 - 0x00007fff7c54b000 	C:\WINDOWS\SYSTEM32\CRYPTSP.dll
0x00007fff7bc40000 - 0x00007fff7bc7a000 	C:\WINDOWS\system32\rsaenh.dll
0x00007fff7c320000 - 0x00007fff7c34b000 	C:\WINDOWS\SYSTEM32\USERENV.dll
0x00007fff7ce40000 - 0x00007fff7ce6a000 	C:\WINDOWS\SYSTEM32\bcrypt.dll
0x00007fff7c550000 - 0x00007fff7c55c000 	C:\WINDOWS\SYSTEM32\CRYPTBASE.dll
0x00007fff6a8d0000 - 0x00007fff6a8ee000 	C:\WINDOWS\SYSTEM32\dhcpcsvc6.DLL
0x00007fff6a840000 - 0x00007fff6a863000 	C:\WINDOWS\SYSTEM32\dhcpcsvc.DLL
0x00007fff6a2e0000 - 0x00007fff6a2ee000 	C:\Program Files\Java\jdk-17\bin\sunmscapi.dll
0x00007fff7d460000 - 0x00007fff7d5d7000 	C:\WINDOWS\System32\CRYPT32.dll
0x00007fff7c6d0000 - 0x00007fff7c700000 	C:\WINDOWS\SYSTEM32\ncrypt.dll
0x00007fff7c680000 - 0x00007fff7c6bf000 	C:\WINDOWS\SYSTEM32\NTASN1.dll
0x00007fff59f50000 - 0x00007fff59f58000 	C:\WINDOWS\system32\wshunix.dll

dbghelp: loaded successfully - version: 4.0.5 - missing functions: none
symbol engine: initialized successfully - sym options: 0x614 - pdb path: .;C:\Program Files\Java\jdk-17\bin;C:\WINDOWS\SYSTEM32;C:\WINDOWS\WinSxS\amd64_microsoft.windows.common-controls_6595b64144ccf1df_6.0.26100.7309_none_3e05feeae336a044;C:\Program Files\Java\jdk-17\bin\server

VM Arguments:
jvm_args: -ea -Dfile.encoding=UTF-8 -Dstdout.encoding=UTF-8 -Dstderr.encoding=UTF-8 -XX:+ShowCodeDetailsInExceptionMessages 
java_command: org.testng.remote.RemoteTestNG -serport 51909 -protocol json -d C:\Users\shruti\eclipse-workspace\automationframework\test-output C:\Users\shruti\AppData\Local\Temp\testng-eclipse-1220450442\testng-customsuite.xml
java_class_path (initial): C:\Users\shruti\eclipse\java-2025-09\eclipse\configuration\org.eclipse.osgi\841\0\.cp\lib\testng-remote.jar;C:\Users\shruti\eclipse-workspace\automationframework\target\test-classes;C:\Users\shruti\eclipse-workspace\automationframework\target\classes;C:\Users\shruti\.m2\repository\org\seleniumhq\selenium\selenium-java\4.18.1\selenium-java-4.18.1.jar;C:\Users\shruti\.m2\repository\org\seleniumhq\selenium\selenium-api\4.18.1\selenium-api-4.18.1.jar;C:\Users\shruti\.m2\repository\org\seleniumhq\selenium\selenium-chrome-driver\4.18.1\selenium-chrome-driver-4.18.1.jar;C:\Users\shruti\.m2\repository\com\google\auto\service\auto-service-annotations\1.1.1\auto-service-annotations-1.1.1.jar;C:\Users\shruti\.m2\repository\org\seleniumhq\selenium\selenium-chromium-driver\4.18.1\selenium-chromium-driver-4.18.1.jar;C:\Users\shruti\.m2\repository\org\seleniumhq\selenium\selenium-json\4.18.1\selenium-json-4.18.1.jar;C:\Users\shruti\.m2\repository\org\seleniumhq\selenium\selenium-manager\4.18.1\selenium-manager-4.18.1.jar;C:\Users\shruti\.m2\repository\org\seleniumhq\selenium\selenium-devtools-v120\4.18.1\selenium-devtools-v120-4.18.1.jar;C:\Users\shruti\.m2\repository\org\seleniumhq\selenium\selenium-devtools-v121\4.18.1\selenium-devtools-v121-4.18.1.jar;C:\Users\shruti\.m2\repository\org\seleniumhq\selenium\selenium-devtools-v122\4.18.1\selenium-devtools-v122-4.18.1.jar;C:\Users\shruti\.m2\repository\org\seleniumhq\selenium\selenium-devtools-v85\4.18.1\selenium-devtools-v85-4.18.1.jar;C:\Users\shruti\.m2\repository\org\seleniumhq\selenium\selenium-edge-driver\4.18.1\selenium-edge-driver-4.18.1.jar;C:\Users\shruti\.m2\repository\org\seleniumhq\selenium\selenium-firefox-driver\4.18.1\selenium-firefox-driver-4.18.1.jar;C:\Users\shruti\.m2\repository\org\seleniumhq\selenium\selenium-http\4.18.1\selenium-http-4.18.1.jar;C:\Users\shruti\.m2\repository\dev\failsafe\failsafe\3.3.2\failsafe-3.3.2.jar;C:\Users\shruti\.m2\repository\org\seleniumhq\selenium\selen
Launcher Type: SUN_STANDARD

[Global flags]
     intx CICompilerCount                          = 4                                         {product} {ergonomic}
     uint ConcGCThreads                            = 3                                         {product} {ergonomic}
     uint G1ConcRefinementThreads                  = 10                                        {product} {ergonomic}
   size_t G1HeapRegionSize                         = 1048576                                   {product} {ergonomic}
    uintx GCDrainStackTargetSize                   = 64                                        {product} {ergonomic}
   size_t InitialHeapSize                          = 130023424                                 {product} {ergonomic}
   size_t MarkStackSize                            = 4194304                                   {product} {ergonomic}
   size_t MaxHeapSize                              = 2061500416                                {product} {ergonomic}
   size_t MaxNewSize                               = 1236271104                                {product} {ergonomic}
   size_t MinHeapDeltaBytes                        = 1048576                                   {product} {ergonomic}
   size_t MinHeapSize                              = 8388608                                   {product} {ergonomic}
    uintx NonNMethodCodeHeapSize                   = 5839372                                {pd product} {ergonomic}
    uintx NonProfiledCodeHeapSize                  = 122909434                              {pd product} {ergonomic}
    uintx ProfiledCodeHeapSize                     = 122909434                              {pd product} {ergonomic}
    uintx ReservedCodeCacheSize                    = 251658240                              {pd product} {ergonomic}
     bool SegmentedCodeCache                       = true                                      {product} {ergonomic}
     bool ShowCodeDetailsInExceptionMessages       = true                                   {manageable} {command line}
   size_t SoftMaxHeapSize                          = 2061500416                             {manageable} {ergonomic}
     bool UseCompressedClassPointers               = true                           {product lp64_product} {ergonomic}
     bool UseCompressedOops                        = true                           {product lp64_product} {ergonomic}
     bool UseG1GC                                  = true                                      {product} {ergonomic}
     bool UseLargePagesIndividualAllocation        = false                                  {pd product} {ergonomic}

Logging:
Log output configuration:
 #0: stdout all=warning uptime,level,tags
 #1: stderr all=off uptime,level,tags

Environment Variables:
JAVA_HOME=C:\Program Files\Java\jdk-17
PATH=C:/Users/shruti/.p2/pool/plugins/org.eclipse.justj.openjdk.hotspot.jre.full.win32.x86_64_23.0.2.v20250131-0604/jre/bin/server;C:/Users/shruti/.p2/pool/plugins/org.eclipse.justj.openjdk.hotspot.jre.full.win32.x86_64_23.0.2.v20250131-0604/jre/bin;C:\Program Files\Common Files\Oracle\Java\javapath;E:\oracle\product\10.2.0\db_2\bin;C:\app\shruti\product\21c\dbhomeXE\bin;C:\oracle\product\10.2.0\db_1\bin;C:\WINDOWS\system32;C:\WINDOWS;C:\WINDOWS\System32\Wbem;C:\WINDOWS\System32\WindowsPowerShell\v1.0\;C:\WINDOWS\System32\OpenSSH\;C:\Program Files\Microsoft SQL Server\110\Tools\Binn\;C:\Program Files\HP\HP One Agent;C:\Program Files\nodejs\;%SystemRoot%\system32;%SystemRoot%;%SystemRoot%\System32\Wbem;%SYSTEMROOT%\System32\WindowsPowerShell\v1.0\;%SYSTEMROOT%\System32\OpenSSH\;C:\Users\shruti\AppData\Local\Programs\Python\Launcher\;C:\Users\shruti\AppData\Local\Microsoft\WindowsApps;C:\Users\shruti\AppData\Local\Programs\Microsoft VS Code\bin;C:\Users\shruti\AppData\Local\Programs\Python\Python312;C:\Users\shruti\AppData\Roaming\npm;C:\Users\shruti\AppData\Local\Android\Sdk\tools;C:\Users\shruti\AppData\Local\Android\Sdk\emulator;C:\Users\shruti\AppData\Local\Android\Sdk\platform-tools;C:\Users\shruti\AppData\Local\Programs\Antigravity\bin;;C:\Users\shruti\OneDrive\Desktop;
USERNAME=shruti
OS=Windows_NT
PROCESSOR_IDENTIFIER=Intel64 Family 6 Model 154 Stepping 4, GenuineIntel



---------------  S Y S T E M  ---------------

OS:
 Windows 11 , 64 bit Build 26100 (10.0.26100.7623)
OS uptime: 3 days 4:50 hours
Hyper-V role detected

CPU: total 12 (initial active 12) (6 cores per cpu, 2 threads per core) family 6 model 154 stepping 4 microcode 0x42c, cx8, cmov, fxsr, ht, mmx, 3dnowpref, sse, sse2, sse3, ssse3, sse4.1, sse4.2, popcnt, lzcnt, tsc, tscinvbit, avx, avx2, aes, erms, clmul, bmi1, bmi2, adx, sha, fma, vzeroupper, clflush, clflushopt, clwb, hv

Memory: 4k page, system-wide physical 7863M (409M free)
TotalPageFile size 21879M (AvailPageFile size 0M)
current process WorkingSet (physical memory assigned to process): 72M, peak: 99M
current process commit charge ("private bytes"): 248M, peak: 248M

vm_info: Java HotSpot(TM) 64-Bit Server VM (17.0.8+9-LTS-211) for windows-amd64 JRE (17.0.8+9-LTS-211), built on Jun 14 2023 10:34:31 by "mach5one" with MS VC++ 17.1 (VS2022)

END.
